# JRE version: OpenJDK Runtime Environment Corretto-11.0.16.9.1 (11.0.16.1+9) (build 11.0.16.1+9-LTS)
# Java VM: OpenJDK 64-Bit Server VM Corretto-11.0.16.9.1 (11.0.16.1+9-LTS, mixed mode, tiered, compressed oops, g1 gc, windows-amd64)
Heap:
 garbage-first heap   total 284672K, used 52437K [0x0000000760000000, 0x0000000800000000)
  region size 1024K, 5 young (5120K), 5 survivors (5120K)
 Metaspace       used 74208K, capacity 75990K, committed 76112K, reserved 1116160K
  class space    used 9241K, capacity 9964K, committed 9984K, reserved 1048576K
GC Heap History (20 events):
Event: 3.368 GC heap after
{Heap after GC invocations=4 (full 0):
 garbage-first heap   total 163840K, used 11085K [0x0000000760000000, 0x0000000800000000)
  region size 1024K, 3 young (3072K), 3 survivors (3072K)
 Metaspace       used 20655K, capacity 21209K, committed 21296K, reserved 1069056K
  class space    used 2216K, capacity 2430K, committed 2432K, reserved 1048576K
}
Event: 4.134 GC heap before
{Heap before GC invocations=5 (full 0):
 garbage-first heap   total 163840K, used 52045K [0x0000000760000000, 0x0000000800000000)
  region size 1024K, 44 young (45056K), 3 survivors (3072K)
 Metaspace       used 25665K, capacity 26297K, committed 26416K, reserved 1073152K
  class space    used 2952K, capacity 3182K, committed 3200K, reserved 1048576K
}
Event: 4.143 GC heap after
{Heap after GC invocations=6 (full 0):
 garbage-first heap   total 163840K, used 12595K [0x0000000760000000, 0x0000000800000000)
  region size 1024K, 4 young (4096K), 4 survivors (4096K)
 Metaspace       used 25665K, capacity 26297K, committed 26416K, reserved 1073152K
  class space    used 2952K, capacity 3182K, committed 3200K, reserved 1048576K
}
Event: 5.665 GC heap before
{Heap before GC invocations=6 (full 0):
 garbage-first heap   total 163840K, used 92467K [0x0000000760000000, 0x0000000800000000)
  region size 1024K, 82 young (83968K), 4 survivors (4096K)
 Metaspace       used 33089K, capacity 33871K, committed 34096K, reserved 1079296K
  class space    used 3816K, capacity 4105K, committed 4224K, reserved 1048576K
}
Event: 5.683 GC heap after
{Heap after GC invocations=7 (full 0):
 garbage-first heap   total 196608K, used 15170K [0x0000000760000000, 0x0000000800000000)
  region size 1024K, 7 young (7168K), 7 survivors (7168K)
 Metaspace       used 33089K, capacity 33871K, committed 34096K, reserved 1079296K
  class space    used 3816K, capacity 4105K, committed 4224K, reserved 1048576K
}
Event: 6.676 GC heap before
{Heap before GC invocations=7 (full 0):
 garbage-first heap   total 196608K, used 38722K [0x0000000760000000, 0x0000000800000000)
  region size 1024K, 31 young (31744K), 7 survivors (7168K)
 Metaspace       used 34929K, capacity 35800K, committed 35888K, reserved 1081344K
  class space    used 4069K, capacity 4426K, committed 4480K, reserved 1048576K
}
Event: 6.697 GC heap after
{Heap after GC invocations=8 (full 0):
 garbage-first heap   total 196608K, used 16296K [0x0000000760000000, 0x0000000800000000)
  region size 1024K, 8 young (8192K), 8 survivors (8192K)
 Metaspace       used 34929K, capacity 35800K, committed 35888K, reserved 1081344K
  class space    used 4069K, capacity 4426K, committed 4480K, reserved 1048576K
}
Event: 9.426 GC heap before
{Heap before GC invocations=9 (full 0):
 garbage-first heap   total 196608K, used 111528K [0x0000000760000000, 0x0000000800000000)
  region size 1024K, 101 young (103424K), 8 survivors (8192K)
 Metaspace       used 45240K, capacity 46332K, committed 46640K, reserved 1089536K
  class space    used 5271K, capacity 5706K, committed 5760K, reserved 1048576K
}
Event: 9.446 GC heap after
{Heap after GC invocations=10 (full 0):
 garbage-first heap   total 196608K, used 20441K [0x0000000760000000, 0x0000000800000000)
  region size 1024K, 11 young (11264K), 11 survivors (11264K)
 Metaspace       used 45240K, capacity 46332K, committed 46640K, reserved 1089536K
  class space    used 5271K, capacity 5706K, committed 5760K, reserved 1048576K
}
Event: 11.861 GC heap before
{Heap before GC invocations=10 (full 0):
 garbage-first heap   total 196608K, used 126937K [0x0000000760000000, 0x0000000800000000)
  region size 1024K, 115 young (117760K), 11 survivors (11264K)
 Metaspace       used 56375K, capacity 57497K, committed 57648K, reserved 1099776K
  class space    used 7025K, capacity 7480K, committed 7552K, reserved 1048576K
}
Event: 11.881 GC heap after
{Heap after GC invocations=11 (full 0):
 garbage-first heap   total 196608K, used 22629K [0x0000000760000000, 0x0000000800000000)
  region size 1024K, 8 young (8192K), 8 survivors (8192K)
 Metaspace       used 56375K, capacity 57497K, committed 57648K, reserved 1099776K
  class space    used 7025K, capacity 7480K, committed 7552K, reserved 1048576K
}
Event: 12.561 GC heap before
{Heap before GC invocations=11 (full 0):
 garbage-first heap   total 196608K, used 51301K [0x0000000760000000, 0x0000000800000000)
  region size 1024K, 37 young (37888K), 8 survivors (8192K)
 Metaspace       used 58923K, capacity 60096K, committed 60240K, reserved 1101824K
  class space    used 7375K, capacity 7851K, committed 7936K, reserved 1048576K
}
Event: 12.578 GC heap after
{Heap after GC invocations=12 (full 0):
 garbage-first heap   total 236544K, used 22629K [0x0000000760000000, 0x0000000800000000)
  region size 1024K, 8 young (8192K), 8 survivors (8192K)
 Metaspace       used 58923K, capacity 60096K, committed 60240K, reserved 1101824K
  class space    used 7375K, capacity 7851K, committed 7936K, reserved 1048576K
}
Event: 15.075 GC heap before
{Heap before GC invocations=13 (full 0):
 garbage-first heap   total 236544K, used 141413K [0x0000000760000000, 0x0000000800000000)
  region size 1024K, 124 young (126976K), 8 survivors (8192K)
 Metaspace       used 65724K, capacity 67222K, committed 67280K, reserved 1107968K
  class space    used 8217K, capacity 8807K, committed 8832K, reserved 1048576K
}
Event: 15.098 GC heap after
{Heap after GC invocations=14 (full 0):
 garbage-first heap   total 236544K, used 28118K [0x0000000760000000, 0x0000000800000000)
  region size 1024K, 14 young (14336K), 14 survivors (14336K)
 Metaspace       used 65724K, capacity 67222K, committed 67280K, reserved 1107968K
  class space    used 8217K, capacity 8807K, committed 8832K, reserved 1048576K
}
Event: 17.493 GC heap before
{Heap before GC invocations=14 (full 0):
 garbage-first heap   total 236544K, used 152022K [0x0000000760000000, 0x0000000800000000)
  region size 1024K, 135 young (138240K), 14 survivors (14336K)
 Metaspace       used 70947K, capacity 72613K, committed 72784K, reserved 1112064K
  class space    used 8940K, capacity 9625K, committed 9728K, reserved 1048576K
}
Event: 17.524 GC heap after
{Heap after GC invocations=15 (full 0):
 garbage-first heap   total 236544K, used 34037K [0x0000000760000000, 0x0000000800000000)
  region size 1024K, 14 young (14336K), 14 survivors (14336K)
 Metaspace       used 70947K, capacity 72613K, committed 72784K, reserved 1112064K
  class space    used 8940K, capacity 9625K, committed 9728K, reserved 1048576K
}
Event: 19.057 GC heap before
{Heap before GC invocations=15 (full 0):
 garbage-first heap   total 236544K, used 163061K [0x0000000760000000, 0x0000000800000000)
  region size 1024K, 138 young (141312K), 14 survivors (14336K)
 Metaspace       used 72883K, capacity 74609K, committed 74704K, reserved 1114112K
  class space    used 9118K, capacity 9813K, committed 9856K, reserved 1048576K
}
Event: 19.100 GC heap after
{Heap after GC invocations=16 (full 0):
 garbage-first heap   total 236544K, used 47104K [0x0000000760000000, 0x0000000800000000)
  region size 1024K, 18 young (18432K), 18 survivors (18432K)
 Metaspace       used 72883K, capacity 74609K, committed 74704K, reserved 1114112K
  class space    used 9118K, capacity 9813K, committed 9856K, reserved 1048576K
}
Event: 20.518 GC heap before
{Heap before GC invocations=16 (full 0):
 garbage-first heap   total 236544K, used 169984K [0x0000000760000000, 0x0000000800000000)
  region size 1024K, 138 young (141312K), 18 survivors (18432K)
 Metaspace       used 74208K, capacity 75990K, committed 76112K, reserved 1116160K
  class space    used 9241K, capacity 9964K, committed 9984K, reserved 1048576K
}

